# JRE version: OpenJDK Runtime Environment (21.0.10) (build 21.0.10+-14961533-b1163.108)
# Java VM: OpenJDK 64-Bit Server VM (21.0.10+-14961533-b1163.108, mixed mode, tiered, compressed oops, compressed class ptrs, g1 gc, windows-amd64)
GC Precious Log:
 CardTable entry size: 512
 Card Set container configuration: InlinePtr #cards 4 size 8 Array Of Cards #cards 16 size 48 Howl #buckets 8 coarsen threshold 3686 Howl Bitmap #cards 512 size 80 coarsen threshold 460 Card regions per heap region 1 cards per card region 4096
 CPUs: 12 total, 12 available
 Memory: 16330M
 Large Page Support: Disabled
 NUMA Support: Disabled
 Compressed Oops: Enabled (Zero based)
 Heap Region Size: 2M
 Heap Min Capacity: 8M
 Heap Initial Capacity: 256M
 Heap Max Capacity: 4084M
 Pre-touch: Disabled
 Parallel Workers: 10
 Concurrent Workers: 3
 Concurrent Refinement Workers: 10
 Periodic GC: Disabled
Heap:
 garbage-first heap   total 153600K, used 104763K [0x0000000700c00000, 0x0000000800000000)
  region size 2048K, 45 young (92160K), 1 survivors (2048K)
 Metaspace       used 53509K, committed 53696K, reserved 1114112K
  class space    used 6320K, committed 6400K, reserved 1048576K
GC Heap History (14 events):
Event: 0.946 GC heap before
{Heap before GC invocations=0 (full 0):
 garbage-first heap   total 262144K, used 24576K [0x0000000700c00000, 0x0000000800000000)
  region size 2048K, 11 young (22528K), 0 survivors (0K)
 Metaspace       used 13869K, committed 14080K, reserved 1114112K
  class space    used 1319K, committed 1408K, reserved 1048576K
}
Event: 0.953 GC heap after
{Heap after GC invocations=1 (full 0):
 garbage-first heap   total 262144K, used 6890K [0x0000000700c00000, 0x0000000800000000)
  region size 2048K, 2 young (4096K), 2 survivors (4096K)
 Metaspace       used 13869K, committed 14080K, reserved 1114112K
  class space    used 1319K, committed 1408K, reserved 1048576K
}
Event: 1.614 GC heap before
{Heap before GC invocations=1 (full 0):
 garbage-first heap   total 262144K, used 29418K [0x0000000700c00000, 0x0000000800000000)
  region size 2048K, 14 young (28672K), 2 survivors (4096K)
 Metaspace       used 21261K, committed 21504K, reserved 1114112K
  class space    used 2226K, committed 2368K, reserved 1048576K
}
Event: 1.619 GC heap after
{Heap after GC invocations=2 (full 0):
 garbage-first heap   total 262144K, used 8436K [0x0000000700c00000, 0x0000000800000000)
  region size 2048K, 3 young (6144K), 3 survivors (6144K)
 Metaspace       used 21261K, committed 21504K, reserved 1114112K
  class space    used 2226K, committed 2368K, reserved 1048576K
}
Event: 2.575 GC heap before
{Heap before GC invocations=3 (full 0):
 garbage-first heap   total 34816K, used 33012K [0x0000000700c00000, 0x0000000800000000)
  region size 2048K, 15 young (30720K), 3 survivors (6144K)
 Metaspace       used 25728K, committed 25920K, reserved 1114112K
  class space    used 2819K, committed 2880K, reserved 1048576K
}
Event: 2.586 GC heap after
{Heap after GC invocations=4 (full 0):
 garbage-first heap   total 45056K, used 14263K [0x0000000700c00000, 0x0000000800000000)
  region size 2048K, 5 young (10240K), 5 survivors (10240K)
 Metaspace       used 25728K, committed 25920K, reserved 1114112K
  class space    used 2819K, committed 2880K, reserved 1048576K
}
Event: 3.006 GC heap before
{Heap before GC invocations=4 (full 0):
 garbage-first heap   total 45056K, used 30647K [0x0000000700c00000, 0x0000000800000000)
  region size 2048K, 13 young (26624K), 5 survivors (10240K)
 Metaspace       used 30150K, committed 30336K, reserved 1114112K
  class space    used 3357K, committed 3456K, reserved 1048576K
}
Event: 3.019 GC heap after
{Heap after GC invocations=5 (full 0):
 garbage-first heap   total 45056K, used 15548K [0x0000000700c00000, 0x0000000800000000)
  region size 2048K, 1 young (2048K), 1 survivors (2048K)
 Metaspace       used 30150K, committed 30336K, reserved 1114112K
  class space    used 3357K, committed 3456K, reserved 1048576K
}
Event: 3.596 GC heap before
{Heap before GC invocations=5 (full 0):
 garbage-first heap   total 45056K, used 33980K [0x0000000700c00000, 0x0000000800000000)
  region size 2048K, 10 young (20480K), 1 survivors (2048K)
 Metaspace       used 34764K, committed 35008K, reserved 1114112K
  class space    used 4311K, committed 4416K, reserved 1048576K
}
Event: 3.605 GC heap after
{Heap after GC invocations=6 (full 0):
 garbage-first heap   total 45056K, used 17524K [0x0000000700c00000, 0x0000000800000000)
  region size 2048K, 2 young (4096K), 2 survivors (4096K)
 Metaspace       used 34764K, committed 35008K, reserved 1114112K
  class space    used 4311K, committed 4416K, reserved 1048576K
}
Event: 3.785 GC heap before
{Heap before GC invocations=6 (full 0):
 garbage-first heap   total 45056K, used 25716K [0x0000000700c00000, 0x0000000800000000)
  region size 2048K, 7 young (14336K), 2 survivors (4096K)
 Metaspace       used 36841K, committed 37056K, reserved 1114112K
  class space    used 4510K, committed 4608K, reserved 1048576K
}
Event: 3.791 GC heap after
{Heap after GC invocations=7 (full 0):
 garbage-first heap   total 45056K, used 17898K [0x0000000700c00000, 0x0000000800000000)
  region size 2048K, 1 young (2048K), 1 survivors (2048K)
 Metaspace       used 36841K, committed 37056K, reserved 1114112K
  class space    used 4510K, committed 4608K, reserved 1048576K
}
Event: 4.437 GC heap before
{Heap before GC invocations=8 (full 0):
 garbage-first heap   total 45056K, used 32234K [0x0000000700c00000, 0x0000000800000000)
  region size 2048K, 9 young (18432K), 1 survivors (2048K)
 Metaspace       used 41488K, committed 41728K, reserved 1114112K
  class space    used 4991K, committed 5120K, reserved 1048576K
}
Event: 4.441 GC heap after
{Heap after GC invocations=9 (full 0):
 garbage-first heap   total 153600K, used 18747K [0x0000000700c00000, 0x0000000800000000)
  region size 2048K, 1 young (2048K), 1 survivors (2048K)
 Metaspace       used 41488K, committed 41728K, reserved 1114112K
  class space    used 4991K, committed 5120K, reserved 1048576K
}

